<?xml version="1.0" encoding="UTF-8"?>
<testng-results ignored="0" total="1" passed="1" failed="0" skipped="0">
  <reporter-output>
  </reporter-output>
  <suite started-at="2024-12-18T16:59:11 IST" name="Default suite" finished-at="2024-12-18T16:59:20 IST" duration-ms="8585">
    <groups>
    </groups>
    <test started-at="2024-12-18T16:59:11 IST" name="Default test" finished-at="2024-12-18T16:59:20 IST" duration-ms="8585">
      <class name="pac1.AutoSuggestionTest">
        <test-method signature="pickdateTest()[pri:0, instance:pac1.AutoSuggestionTest@7b8b43c7]" started-at="2024-12-18T16:59:11 IST" name="pickdateTest" finished-at="2024-12-18T16:59:19 IST" duration-ms="8208" status="PASS">
          <reporter-output>
          </reporter-output>
        </test-method> <!-- pickdateTest -->
      </class> <!-- pac1.AutoSuggestionTest -->
    </test> <!-- Default test -->
  </suite> <!-- Default suite -->
</testng-results>
